0 info it worked if it ends with ok
1 verbose cli [ '/usr/bin/nodejs',
1 verbose cli   '/usr/bin/npm',
1 verbose cli   'deprecate',
1 verbose cli   'node@< 4.7',
1 verbose cli   'i need previous version' ]
2 info using npm@3.10.10
3 info using node@v6.9.3
4 silly mapToRegistry name node
5 silly mapToRegistry using default registry
6 silly mapToRegistry registry https://registry.npmjs.org/
7 silly mapToRegistry data Result {
7 silly mapToRegistry   raw: 'node',
7 silly mapToRegistry   scope: null,
7 silly mapToRegistry   escapedName: 'node',
7 silly mapToRegistry   name: 'node',
7 silly mapToRegistry   rawSpec: '',
7 silly mapToRegistry   spec: 'latest',
7 silly mapToRegistry   type: 'tag' }
8 silly mapToRegistry uri https://registry.npmjs.org/node
9 verbose get GET as part of write; not caching result
10 verbose request uri https://registry.npmjs.org/node?write=true
11 verbose request no auth needed
12 info attempt registry request try #1 at 6:53:51 PM
13 verbose request id 18a76dabfa852ec2
14 http request GET https://registry.npmjs.org/node?write=true
15 http 200 https://registry.npmjs.org/node?write=true
16 verbose headers { server: 'CouchDB/1.5.0 (Erlang OTP/R16B03)',
16 verbose headers   'content-type': 'application/json',
16 verbose headers   etag: '"561c5238-43c"',
16 verbose headers   'content-encoding': 'gzip',
16 verbose headers   'cache-control': 'max-age=0',
16 verbose headers   'transfer-encoding': 'chunked',
16 verbose headers   'accept-ranges': 'bytes',
16 verbose headers   date: 'Fri, 20 Jan 2017 13:23:49 GMT',
16 verbose headers   via: '1.1 varnish',
16 verbose headers   age: '0',
16 verbose headers   connection: 'keep-alive',
16 verbose headers   'x-served-by': 'cache-cdg8734-CDG',
16 verbose headers   'x-cache': 'MISS',
16 verbose headers   'x-cache-hits': '0',
16 verbose headers   'x-timer': 'S1484918629.329964,VS0,VE389',
16 verbose headers   vary: 'Accept-Encoding' }
17 silly get cb [ 200,
17 silly get   { server: 'CouchDB/1.5.0 (Erlang OTP/R16B03)',
17 silly get     'content-type': 'application/json',
17 silly get     etag: '"561c5238-43c"',
17 silly get     'content-encoding': 'gzip',
17 silly get     'cache-control': 'max-age=0',
17 silly get     'transfer-encoding': 'chunked',
17 silly get     'accept-ranges': 'bytes',
17 silly get     date: 'Fri, 20 Jan 2017 13:23:49 GMT',
17 silly get     via: '1.1 varnish',
17 silly get     age: '0',
17 silly get     connection: 'keep-alive',
17 silly get     'x-served-by': 'cache-cdg8734-CDG',
17 silly get     'x-cache': 'MISS',
17 silly get     'x-cache-hits': '0',
17 silly get     'x-timer': 'S1484918629.329964,VS0,VE389',
17 silly get     vary: 'Accept-Encoding' } ]
18 verbose get saving node to /home/csdevu/.npm/registry.npmjs.org/node_3Fwrite_3Dtrue/.cache.json
19 verbose correctMkdir /home/csdevu/.npm correctMkdir not in flight; initializing
20 verbose request uri https://registry.npmjs.org/node
21 verbose request sending authorization for write operation
22 info attempt registry request try #1 at 6:53:52 PM
23 info retry will retry, error on last attempt: Error: This request requires auth credentials. Run `npm login` and repeat the request.
24 info attempt registry request try #2 at 6:54:02 PM
25 info retry will retry, error on last attempt: Error: This request requires auth credentials. Run `npm login` and repeat the request.
26 info attempt registry request try #3 at 6:55:02 PM
27 verbose request invalidating /home/csdevu/.npm/registry.npmjs.org/node on PUT
28 verbose stack Error: This request requires auth credentials. Run `npm login` and repeat the request.
28 verbose stack     at CachingRegistryClient.authify (/usr/lib/node_modules/npm/node_modules/npm-registry-client/lib/authify.js:17:14)
28 verbose stack     at CachingRegistryClient.makeRequest (/usr/lib/node_modules/npm/node_modules/npm-registry-client/lib/request.js:112:17)
28 verbose stack     at /usr/lib/node_modules/npm/node_modules/npm-registry-client/lib/request.js:66:17
28 verbose stack     at RetryOperation._fn (/usr/lib/node_modules/npm/node_modules/npm-registry-client/lib/attempt.js:18:5)
28 verbose stack     at Timeout._onTimeout (/usr/lib/node_modules/npm/node_modules/npm-registry-client/node_modules/retry/lib/retry_operation.js:68:10)
28 verbose stack     at ontimeout (timers.js:365:14)
28 verbose stack     at tryOnTimeout (timers.js:237:5)
28 verbose stack     at Timer.listOnTimeout (timers.js:207:5)
29 verbose cwd /home/csdevu/expresjs/contacts
30 error Linux 3.16.0-77-generic
31 error argv "/usr/bin/nodejs" "/usr/bin/npm" "deprecate" "node@< 4.7" "i need previous version"
32 error node v6.9.3
33 error npm  v3.10.10
34 error This request requires auth credentials. Run `npm login` and repeat the request.
35 error If you need help, you may report this error at:
35 error     <https://github.com/npm/npm/issues>
36 verbose exit [ 1, true ]
